[debug] [2019-07-01T12:57:54.079Z] ----------------------------------------------------------------------
[debug] [2019-07-01T12:57:54.083Z] Command:       C:\Program Files\nodejs\node.exe C:\Users\Energon\AppData\Roaming\npm\node_modules\firebase-tools\lib\bin\firebase.js serve
[debug] [2019-07-01T12:57:54.083Z] CLI Version:   7.0.2
[debug] [2019-07-01T12:57:54.083Z] Platform:      win32
[debug] [2019-07-01T12:57:54.083Z] Node Version:  v10.16.0
[debug] [2019-07-01T12:57:54.084Z] Time:          Mon Jul 01 2019 15:57:54 GMT+0300 (Moscow Standard Time)
[debug] [2019-07-01T12:57:54.084Z] ----------------------------------------------------------------------
[debug] 
[debug] [2019-07-01T12:57:54.106Z] > command requires scopes: ["email","openid","https://www.googleapis.com/auth/cloudplatformprojects.readonly","https://www.googleapis.com/auth/firebase","https://www.googleapis.com/auth/cloud-platform"]
[debug] [2019-07-01T12:57:54.107Z] > authorizing via signed-in user
[debug] [2019-07-01T12:57:54.107Z] [iam] checking project energetic-chat for permissions ["firebase.projects.get"]
[debug] [2019-07-01T12:57:54.111Z] >>> HTTP REQUEST POST https://cloudresourcemanager.googleapis.com/v1/projects/energetic-chat:testIamPermissions  

[debug] [2019-07-01T12:57:55.385Z] <<< HTTP RESPONSE 200
[debug] [2019-07-01T12:57:55.388Z] >>> HTTP REQUEST GET https://cloudresourcemanager.googleapis.com/v1/projects/energetic-chat  
 
[debug] [2019-07-01T12:57:56.273Z] <<< HTTP RESPONSE 200
[info] 
[info] === Serving from 'D:\JS\-energetic-chat\web-start'...
[info] 
[warn] !  Your requested "node" version "8" doesn't match your global version "10"
[debug] [2019-07-01T12:57:56.348Z] >>> HTTP REQUEST GET https://mobilesdk-pa.googleapis.com/v1/projects/442427121697/clients/_:getWebAppConfig  
 
[debug] [2019-07-01T12:57:56.349Z] >>> HTTP REQUEST GET https://mobilesdk-pa.googleapis.com/v1/projects/442427121697:getServerAppConfig  
 
[debug] [2019-07-01T12:57:56.801Z] <<< HTTP RESPONSE 200
[info] +  functions: Emulator started at http://localhost:5001
[debug] [2019-07-01T12:57:56.864Z] <<< HTTP RESPONSE 200
[info] i  functions: Watching "D:\JS\-energetic-chat\web-start\functions" for Cloud Functions...
[info] i  hosting: Serving hosting files from: ./public
[info] +  hosting: Local server: http://localhost:5000
[debug] [2019-07-01T12:57:57.645Z] Functions runtime initialized.
[debug] [2019-07-01T12:57:57.646Z] Disabled runtime features: {"functions_config_helper":true,"network_filtering":true,"timeout":true,"memory_limiting":true,"protect_env":true,"admin_stubs":true}
[warn] !  The Cloud Functions emulator requires the module "firebase-admin" to be installed. This package is in your package.json, but it's not available. You probably need to run "npm install" in your functions directory.
[info] i  functions: Your functions could not be parsed due to an issue with your node_modules (see above)
[debug] [2019-07-01T13:18:38.189Z] ----------------------------------------------------------------------
[debug] [2019-07-01T13:18:38.192Z] Command:       C:\Program Files\nodejs\node.exe C:\Users\Energon\AppData\Roaming\npm\node_modules\firebase-tools\lib\bin\firebase.js serve
[debug] [2019-07-01T13:18:38.192Z] CLI Version:   7.0.2
[debug] [2019-07-01T13:18:38.192Z] Platform:      win32
[debug] [2019-07-01T13:18:38.192Z] Node Version:  v10.16.0
[debug] [2019-07-01T13:18:38.193Z] Time:          Mon Jul 01 2019 16:18:38 GMT+0300 (Moscow Standard Time)
[debug] [2019-07-01T13:18:38.193Z] ----------------------------------------------------------------------
[debug] 
[debug] [2019-07-01T13:18:38.210Z] > command requires scopes: ["email","openid","https://www.googleapis.com/auth/cloudplatformprojects.readonly","https://www.googleapis.com/auth/firebase","https://www.googleapis.com/auth/cloud-platform"]
[debug] [2019-07-01T13:18:38.211Z] > authorizing via signed-in user
[debug] [2019-07-01T13:18:38.212Z] [iam] checking project energetic-chat for permissions ["firebase.projects.get"]
[debug] [2019-07-01T13:18:38.214Z] >>> HTTP REQUEST POST https://cloudresourcemanager.googleapis.com/v1/projects/energetic-chat:testIamPermissions  

[debug] [2019-07-01T13:18:39.398Z] <<< HTTP RESPONSE 200
[debug] [2019-07-01T13:18:39.400Z] >>> HTTP REQUEST GET https://cloudresourcemanager.googleapis.com/v1/projects/energetic-chat  
 
[debug] [2019-07-01T13:18:40.315Z] <<< HTTP RESPONSE 200
[info] 
[info] === Serving from 'D:\JS\-energetic-chat'...
[info] 
[warn] !  Your requested "node" version "8" doesn't match your global version "10"
[debug] [2019-07-01T13:18:40.323Z] >>> HTTP REQUEST GET https://mobilesdk-pa.googleapis.com/v1/projects/442427121697/clients/_:getWebAppConfig  
 
[debug] [2019-07-01T13:18:40.324Z] >>> HTTP REQUEST GET https://mobilesdk-pa.googleapis.com/v1/projects/442427121697:getServerAppConfig  
 
[debug] [2019-07-01T13:18:40.731Z] <<< HTTP RESPONSE 200
[info] +  functions: Emulator started at http://localhost:5001
[debug] [2019-07-01T13:18:40.800Z] <<< HTTP RESPONSE 200
[info] i  functions: Watching "D:\JS\-energetic-chat\functions" for Cloud Functions...
[info] i  hosting: Serving hosting files from: ./public
[info] +  hosting: Local server: http://localhost:5000
[debug] [2019-07-01T13:18:41.506Z] Functions runtime initialized.
[debug] [2019-07-01T13:18:41.507Z] Disabled runtime features: {"functions_config_helper":true,"network_filtering":true,"timeout":true,"memory_limiting":true,"protect_env":true,"admin_stubs":true}
[warn] !  The Cloud Functions emulator requires the module "firebase-admin" to be installed. This package is in your package.json, but it's not available. You probably need to run "npm install" in your functions directory.
[info] i  functions: Your functions could not be parsed due to an issue with your node_modules (see above)
[debug] [2019-07-01T14:20:55.048Z] ----------------------------------------------------------------------
[debug] [2019-07-01T14:20:55.068Z] Command:       C:\Program Files\nodejs\node.exe C:\Users\Energon\AppData\Roaming\npm\node_modules\firebase-tools\lib\bin\firebase.js login
[debug] [2019-07-01T14:20:55.070Z] CLI Version:   7.0.2
[debug] [2019-07-01T14:20:55.070Z] Platform:      win32
[debug] [2019-07-01T14:20:55.070Z] Node Version:  v10.16.0
[debug] [2019-07-01T14:20:55.167Z] Time:          Mon Jul 01 2019 17:20:55 GMT+0300 (Moscow Standard Time)
[debug] [2019-07-01T14:20:55.168Z] ----------------------------------------------------------------------
[debug] 
[info] Already logged in as podymov89@gmail.com
